<?xml version="1.0" encoding="UTF-8"?>
<testsuite name="ReservationTest" tests="2" skipped="0" failures="0" errors="0" timestamp="2022-05-09T08:24:59" hostname="DESKTOP-MG056D1" time="0.007">
  <properties/>
  <testcase name="shouldBreakTiesByHigherRating" classname="ReservationTest" time="0.004"/>
  <testcase name="shouldReturnTheCheapestOption" classname="ReservationTest" time="0.003"/>
  <system-out><![CDATA[]]></system-out>
  <system-err><![CDATA[]]></system-err>
</testsuite>
