<?xml version="1.0" encoding="UTF-8"?>
<testsuite name="FailingTest" tests="3" skipped="0" failures="0" errors="0" timestamp="2022-05-09T08:24:59" hostname="DESKTOP-MG056D1" time="0.029">
  <properties/>
  <testcase name="test1" classname="FailingTest" time="0.021"/>
  <testcase name="test2" classname="FailingTest" time="0.005"/>
  <testcase name="test3" classname="FailingTest" time="0.003"/>
  <system-out><![CDATA[]]></system-out>
  <system-err><![CDATA[]]></system-err>
</testsuite>
